<?xml version="1.0" encoding="UTF-8" standalone="no"?>
<testsuite errors="0" failures="0" name="io.cucumber.core.plugin.JUnitFormatter" skipped="0" tests="1" time="7.41">
    <testcase classname="Wikipedia search functionality and verifications" name="Wikipedia Search Functionality Title Verification" time="6.969">
        <system-out>
            <![CDATA[Given User is on the Wikipedia home page....................................passed
When User types "Steve Jobs" in the Wiki search box.........................passed
And User click wiki search button...........................................passed
Then User sees "Steve Jobs" is in the wiki title............................passed
]]>
        </system-out>
    </testcase>
</testsuite>
